<?xml version="1.0" encoding="UTF-8"?>
<!-- Generated by org.testng.reporters.JUnitXMLReporter -->
<testsuite hostname="Demcrit-ПК" name="RMT test" tests="18" failures="8" timestamp="2 Feb 2018 12:05:49 GMT" time="11.917" errors="0">
  <testcase name="@BeforeClass startSetup" time="0.0" classname="com.zabi.stand_tests.UserCredsTests">
    <failure type="java.lang.RuntimeException" message="java.lang.reflect.InvocationTargetException">
      <![CDATA[java.lang.RuntimeException: java.lang.reflect.InvocationTargetException
	at org.openqa.selenium.support.PageFactory.instantiatePage(PageFactory.java:138)
	at org.openqa.selenium.support.PageFactory.initElements(PageFactory.java:64)
	at com.zabi.stand_tests.pageobjects.ProfilePage.getUserMenu(ProfilePage.java:42)
	at com.zabi.stand_tests.UserCredsTests.startSetup(UserCredsTests.java:27)
	at org.openqa.selenium.support.PageFactory.instantiatePage(PageFactory.java:129)
	... 27 more
Caused by: java.lang.NullPointerException
	at com.zabi.stand_tests.pageobjects.LoginPage.<init>(LoginPage.java:24)
	... 32 more
... Removed 29 stack frames]]>
    </failure>
  </testcase> <!-- @BeforeClass startSetup -->
  <testcase name="@AfterClass stopTest" time="0.0" classname="com.zabi.stand_tests.UserCredsTests">
    <skipped/>
  </testcase> <!-- @AfterClass stopTest -->
  <testcase name="ButtonResetTest" time="0.377" classname="com.zabi.stand_tests.LoginPageTests"/>
  <testcase name="EmptyPasswordTest" time="0.172" classname="com.zabi.stand_tests.LoginPageTests">
    <failure type="java.lang.AssertionError" message="expected [http://86.57.161.116:10008/#login] but found [http://86.57.161.116:10008/#/vacation]">
      <![CDATA[java.lang.AssertionError: expected [http://86.57.161.116:10008/#login] but found [http://86.57.161.116:10008/#/vacation]
	at com.zabi.stand_tests.LoginPageTests.EmptyPasswordTest(LoginPageTests.java:89)
... Removed 29 stack frames]]>
    </failure>
  </testcase> <!-- EmptyPasswordTest -->
  <testcase name="IncorrectLoginWithSpacesTest" time="0.013" classname="com.zabi.stand_tests.LoginPageTests">
    <failure type="java.lang.RuntimeException" message="java.lang.reflect.InvocationTargetException">
      <![CDATA[java.lang.RuntimeException: java.lang.reflect.InvocationTargetException
	at org.openqa.selenium.support.PageFactory.instantiatePage(PageFactory.java:138)
	at org.openqa.selenium.support.PageFactory.initElements(PageFactory.java:64)
	at com.zabi.stand_tests.LoginPageTests.IncorrectLoginWithSpacesTest(LoginPageTests.java:73)
	at org.openqa.selenium.support.PageFactory.instantiatePage(PageFactory.java:129)
	... 26 more
Caused by: java.lang.IllegalStateException: This is not login page!
	at com.zabi.stand_tests.pageobjects.LoginPage.<init>(LoginPage.java:26)
	... 31 more
... Removed 29 stack frames]]>
    </failure>
  </testcase> <!-- IncorrectLoginWithSpacesTest -->
  <testcase name="IncorrectLoginWithSymbolsTest" time="0.008" classname="com.zabi.stand_tests.LoginPageTests">
    <failure type="java.lang.RuntimeException" message="java.lang.reflect.InvocationTargetException">
      <![CDATA[java.lang.RuntimeException: java.lang.reflect.InvocationTargetException
	at org.openqa.selenium.support.PageFactory.instantiatePage(PageFactory.java:138)
	at org.openqa.selenium.support.PageFactory.initElements(PageFactory.java:64)
	at com.zabi.stand_tests.LoginPageTests.IncorrectLoginWithSymbolsTest(LoginPageTests.java:80)
	at org.openqa.selenium.support.PageFactory.instantiatePage(PageFactory.java:129)
	... 26 more
Caused by: java.lang.IllegalStateException: This is not login page!
	at com.zabi.stand_tests.pageobjects.LoginPage.<init>(LoginPage.java:26)
	... 31 more
... Removed 29 stack frames]]>
    </failure>
  </testcase> <!-- IncorrectLoginWithSymbolsTest -->
  <testcase name="LoginIncorrectPasswordTest" time="0.009" classname="com.zabi.stand_tests.LoginPageTests">
    <failure type="java.lang.RuntimeException" message="java.lang.reflect.InvocationTargetException">
      <![CDATA[java.lang.RuntimeException: java.lang.reflect.InvocationTargetException
	at org.openqa.selenium.support.PageFactory.instantiatePage(PageFactory.java:138)
	at org.openqa.selenium.support.PageFactory.initElements(PageFactory.java:64)
	at com.zabi.stand_tests.LoginPageTests.LoginIncorrectPasswordTest(LoginPageTests.java:65)
	at org.openqa.selenium.support.PageFactory.instantiatePage(PageFactory.java:129)
	... 26 more
Caused by: java.lang.IllegalStateException: This is not login page!
	at com.zabi.stand_tests.pageobjects.LoginPage.<init>(LoginPage.java:26)
	... 31 more
... Removed 29 stack frames]]>
    </failure>
  </testcase> <!-- LoginIncorrectPasswordTest -->
  <testcase name="LoginIncorrectTest" time="0.012" classname="com.zabi.stand_tests.LoginPageTests">
    <failure type="java.lang.RuntimeException" message="java.lang.reflect.InvocationTargetException">
      <![CDATA[java.lang.RuntimeException: java.lang.reflect.InvocationTargetException
	at org.openqa.selenium.support.PageFactory.instantiatePage(PageFactory.java:138)
	at org.openqa.selenium.support.PageFactory.initElements(PageFactory.java:64)
	at com.zabi.stand_tests.LoginPageTests.LoginIncorrectTest(LoginPageTests.java:57)
	at org.openqa.selenium.support.PageFactory.instantiatePage(PageFactory.java:129)
	... 26 more
Caused by: java.lang.IllegalStateException: This is not login page!
	at com.zabi.stand_tests.pageobjects.LoginPage.<init>(LoginPage.java:26)
	... 31 more
... Removed 29 stack frames]]>
    </failure>
  </testcase> <!-- LoginIncorrectTest -->
  <testcase name="LoginValidTest" time="0.009" classname="com.zabi.stand_tests.LoginPageTests">
    <failure type="java.lang.RuntimeException" message="java.lang.reflect.InvocationTargetException">
      <![CDATA[java.lang.RuntimeException: java.lang.reflect.InvocationTargetException
	at org.openqa.selenium.support.PageFactory.instantiatePage(PageFactory.java:138)
	at org.openqa.selenium.support.PageFactory.initElements(PageFactory.java:64)
	at com.zabi.stand_tests.LoginPageTests.LoginValidTest(LoginPageTests.java:33)
	at org.openqa.selenium.support.PageFactory.instantiatePage(PageFactory.java:129)
	... 26 more
Caused by: java.lang.IllegalStateException: This is not login page!
	at com.zabi.stand_tests.pageobjects.LoginPage.<init>(LoginPage.java:26)
	... 31 more
... Removed 29 stack frames]]>
    </failure>
  </testcase> <!-- LoginValidTest -->
  <testcase name="LoginValidTestWithCheckBox" time="0.09" classname="com.zabi.stand_tests.LoginPageTests">
    <failure type="java.lang.RuntimeException" message="java.lang.reflect.InvocationTargetException">
      <![CDATA[java.lang.RuntimeException: java.lang.reflect.InvocationTargetException
	at org.openqa.selenium.support.PageFactory.instantiatePage(PageFactory.java:138)
	at org.openqa.selenium.support.PageFactory.initElements(PageFactory.java:64)
	at com.zabi.stand_tests.LoginPageTests.LoginValidTestWithCheckBox(LoginPageTests.java:49)
	at org.openqa.selenium.support.PageFactory.instantiatePage(PageFactory.java:129)
	... 26 more
Caused by: java.lang.IllegalStateException: This is not login page!
	at com.zabi.stand_tests.pageobjects.LoginPage.<init>(LoginPage.java:26)
	... 31 more
... Removed 29 stack frames]]>
    </failure>
  </testcase> <!-- LoginValidTestWithCheckBox -->
  <testcase name="LoginWithClearForm" time="0.014" classname="com.zabi.stand_tests.LoginPageTests">
    <failure type="java.lang.RuntimeException" message="java.lang.reflect.InvocationTargetException">
      <![CDATA[java.lang.RuntimeException: java.lang.reflect.InvocationTargetException
	at org.openqa.selenium.support.PageFactory.instantiatePage(PageFactory.java:138)
	at org.openqa.selenium.support.PageFactory.initElements(PageFactory.java:64)
	at com.zabi.stand_tests.LoginPageTests.LoginWithClearForm(LoginPageTests.java:40)
	at org.openqa.selenium.support.PageFactory.instantiatePage(PageFactory.java:129)
	... 26 more
Caused by: java.lang.IllegalStateException: This is not login page!
	at com.zabi.stand_tests.pageobjects.LoginPage.<init>(LoginPage.java:26)
	... 31 more
... Removed 29 stack frames]]>
    </failure>
  </testcase> <!-- LoginWithClearForm -->
  <testcase name="commentCheck" time="0.002" classname="com.zabi.stand_tests.UserCredsTests">
    <skipped/>
  </testcase> <!-- commentCheck -->
  <testcase name="emailCheck" time="0.002" classname="com.zabi.stand_tests.UserCredsTests">
    <skipped/>
  </testcase> <!-- emailCheck -->
  <testcase name="locationCheck" time="0.005" classname="com.zabi.stand_tests.UserCredsTests">
    <skipped/>
  </testcase> <!-- locationCheck -->
  <testcase name="nameCheck" time="0.001" classname="com.zabi.stand_tests.UserCredsTests">
    <skipped/>
  </testcase> <!-- nameCheck -->
  <testcase name="officceCheck" time="0.001" classname="com.zabi.stand_tests.UserCredsTests">
    <skipped/>
  </testcase> <!-- officceCheck -->
  <testcase name="phoneNumberCheck" time="0.001" classname="com.zabi.stand_tests.UserCredsTests">
    <skipped/>
  </testcase> <!-- phoneNumberCheck -->
  <testcase name="skypeCheck" time="0.001" classname="com.zabi.stand_tests.UserCredsTests">
    <skipped/>
  </testcase> <!-- skypeCheck -->
  <testcase name="specializationCheck" time="0.0" classname="com.zabi.stand_tests.UserCredsTests">
    <skipped/>
  </testcase> <!-- specializationCheck -->
  <testcase name="workstationCheck" time="0.008" classname="com.zabi.stand_tests.UserCredsTests">
    <skipped/>
  </testcase> <!-- workstationCheck -->
</testsuite> <!-- RMT test -->
